<?xml version="1.0" encoding="UTF-8"?>
<!-- Generated by org.testng.reporters.JUnitXMLReporter -->
<testsuite ignored="1" hostname="DESKTOP-SQ7EEJ2" failures="1" tests="12" name="Test" time="74.67" errors="0" timestamp="2023-11-29T10:43:49 IST">
  <testcase classname="com.selenium.tests.RegisterTest" name="registerAccountWithValidFields" time="2.206"/>
  <testcase classname="com.selenium.tests.RegisterTest" name="registerAccountWithValidFieldsAndSubscribeAsYes" time="1.95"/>
  <testcase classname="com.selenium.tests.RegisterTest" name="registerAccountWithoutAgreeingToPrivacyPolicy" time="1.636"/>
  <testcase classname="com.selenium.tests.RegisterTest" name="registerAccountWithoutEnteringAnyFields" time="1.084"/>
  <testcase classname="com.selenium.tests.LoginTest" name="loginWithValidCredentials" time="1.453"/>
  <testcase classname="com.selenium.tests.LoginTest" name="loginWithValidCredentials" time="1.216"/>
  <testcase classname="com.selenium.tests.LoginTest" name="loginWithValidCredentials" time="1.232"/>
  <testcase classname="com.selenium.tests.LoginTest" name="loginWithValidUsernameAndWrongPassword" time="0.902"/>
  <testcase classname="com.selenium.tests.LoginTest" name="loginWithNoCredentials" time="0.61"/>
  <testcase classname="com.selenium.tests.SearchTest" name="verifySearchWithValidProduct" time="0.85"/>
  <testcase classname="com.selenium.tests.SearchTest" name="verifySearchWithInvalidProduct" time="0.733">
    <failure type="java.lang.AssertionError" message="&amp;apos;No product that matches the search criteria&amp;apos; message is not displayed expected [true] but found [false]">
      <![CDATA[java.lang.AssertionError: 'No product that matches the search criteria' message is not displayed expected [true] but found [false]
at com.selenium.pages.SearchPage.verifyNoProductDeatilMessage(SearchPage.java:29)
at com.selenium.tests.SearchTest.verifySearchWithInvalidProduct(SearchTest.java:43)
at java.base/java.util.ArrayList.forEach(ArrayList.java:1596)
... Removed 32 stack frames]]>
    </failure>
  </testcase> <!-- verifySearchWithInvalidProduct -->
  <testcase classname="com.selenium.tests.SearchTest" name="verifySearchWithoutAnyProduct" time="0.0">
    <skipped/>
  </testcase> <!-- verifySearchWithoutAnyProduct -->
  <testcase classname="com.selenium.tests.LoginTest" name="loginWithInvalidUsernameAndCorrectPassword" time="0.0">
    <ignored/>
  </testcase> <!-- loginWithInvalidUsernameAndCorrectPassword -->
</testsuite> <!-- Test -->
