<?xml version="1.0" encoding="UTF-8"?>
<testng-results ignored="0" total="12" passed="10" failed="1" skipped="1">
  <reporter-output>
  </reporter-output>
  <suite started-at="2023-11-29T10:42:34 IST" name="Suite" finished-at="2023-11-29T10:43:49 IST" duration-ms="74670">
    <groups>
    </groups>
    <test started-at="2023-11-29T10:42:34 IST" name="Test" finished-at="2023-11-29T10:43:49 IST" duration-ms="74670">
      <class name="com.selenium.tests.LoginTest">
        <test-method is-config="true" signature="startUp()[pri:0, instance:com.selenium.tests.LoginTest@a514af7]" started-at="2023-11-29T10:43:07 IST" name="startUp" finished-at="2023-11-29T10:43:13 IST" duration-ms="6347" status="PASS">
          <reporter-output>
          </reporter-output>
        </test-method> <!-- startUp -->
        <test-method signature="loginWithValidCredentials(java.lang.String,java.lang.String)[pri:0, instance:com.selenium.tests.LoginTest@a514af7]" started-at="2023-11-29T10:43:13 IST" name="loginWithValidCredentials" data-provider="supplyTestData" finished-at="2023-11-29T10:43:14 IST" duration-ms="1453" status="PASS">
          <params>
            <param index="0">
              <value>
                <![CDATA[subbutop5@gmail.com]]>
              </value>
            </param>
            <param index="1">
              <value>
                <![CDATA[Password@123]]>
              </value>
            </param>
          </params>
          <reporter-output>
          </reporter-output>
        </test-method> <!-- loginWithValidCredentials -->
        <test-method is-config="true" signature="quitBrowser()[pri:0, instance:com.selenium.tests.LoginTest@a514af7]" started-at="2023-11-29T10:43:14 IST" name="quitBrowser" finished-at="2023-11-29T10:43:15 IST" duration-ms="426" status="PASS">
          <reporter-output>
          </reporter-output>
        </test-method> <!-- quitBrowser -->
        <test-method is-config="true" signature="startUp()[pri:0, instance:com.selenium.tests.LoginTest@a514af7]" started-at="2023-11-29T10:43:15 IST" name="startUp" finished-at="2023-11-29T10:43:20 IST" duration-ms="4681" status="PASS">
          <reporter-output>
          </reporter-output>
        </test-method> <!-- startUp -->
        <test-method signature="loginWithValidCredentials(java.lang.String,java.lang.String)[pri:0, instance:com.selenium.tests.LoginTest@a514af7]" started-at="2023-11-29T10:43:20 IST" name="loginWithValidCredentials" data-provider="supplyTestData" finished-at="2023-11-29T10:43:21 IST" duration-ms="1216" status="PASS">
          <params>
            <param index="0">
              <value>
                <![CDATA[subhash2@gmail.com]]>
              </value>
            </param>
            <param index="1">
              <value>
                <![CDATA[Password@123]]>
              </value>
            </param>
          </params>
          <reporter-output>
          </reporter-output>
        </test-method> <!-- loginWithValidCredentials -->
        <test-method is-config="true" signature="quitBrowser()[pri:0, instance:com.selenium.tests.LoginTest@a514af7]" started-at="2023-11-29T10:43:21 IST" name="quitBrowser" finished-at="2023-11-29T10:43:21 IST" duration-ms="302" status="PASS">
          <reporter-output>
          </reporter-output>
        </test-method> <!-- quitBrowser -->
        <test-method is-config="true" signature="startUp()[pri:0, instance:com.selenium.tests.LoginTest@a514af7]" started-at="2023-11-29T10:43:21 IST" name="startUp" finished-at="2023-11-29T10:43:26 IST" duration-ms="4775" status="PASS">
          <reporter-output>
          </reporter-output>
        </test-method> <!-- startUp -->
        <test-method signature="loginWithValidCredentials(java.lang.String,java.lang.String)[pri:0, instance:com.selenium.tests.LoginTest@a514af7]" started-at="2023-11-29T10:43:26 IST" name="loginWithValidCredentials" data-provider="supplyTestData" finished-at="2023-11-29T10:43:27 IST" duration-ms="1232" status="PASS">
          <params>
            <param index="0">
              <value>
                <![CDATA[subhash3@gmail.com]]>
              </value>
            </param>
            <param index="1">
              <value>
                <![CDATA[Password@123]]>
              </value>
            </param>
          </params>
          <reporter-output>
          </reporter-output>
        </test-method> <!-- loginWithValidCredentials -->
        <test-method is-config="true" signature="quitBrowser()[pri:0, instance:com.selenium.tests.LoginTest@a514af7]" started-at="2023-11-29T10:43:27 IST" name="quitBrowser" finished-at="2023-11-29T10:43:27 IST" duration-ms="222" status="PASS">
          <reporter-output>
          </reporter-output>
        </test-method> <!-- quitBrowser -->
        <test-method is-config="true" signature="startUp()[pri:0, instance:com.selenium.tests.LoginTest@a514af7]" started-at="2023-11-29T10:43:27 IST" name="startUp" finished-at="2023-11-29T10:43:32 IST" duration-ms="4626" status="PASS">
          <reporter-output>
          </reporter-output>
        </test-method> <!-- startUp -->
        <test-method signature="loginWithValidUsernameAndWrongPassword()[pri:2, instance:com.selenium.tests.LoginTest@a514af7]" started-at="2023-11-29T10:43:32 IST" name="loginWithValidUsernameAndWrongPassword" finished-at="2023-11-29T10:43:33 IST" duration-ms="902" status="PASS">
          <reporter-output>
          </reporter-output>
        </test-method> <!-- loginWithValidUsernameAndWrongPassword -->
        <test-method is-config="true" signature="quitBrowser()[pri:0, instance:com.selenium.tests.LoginTest@a514af7]" started-at="2023-11-29T10:43:33 IST" name="quitBrowser" finished-at="2023-11-29T10:43:33 IST" duration-ms="215" status="PASS">
          <reporter-output>
          </reporter-output>
        </test-method> <!-- quitBrowser -->
        <test-method is-config="true" signature="startUp()[pri:0, instance:com.selenium.tests.LoginTest@a514af7]" started-at="2023-11-29T10:43:33 IST" name="startUp" finished-at="2023-11-29T10:43:38 IST" duration-ms="4690" status="PASS">
          <reporter-output>
          </reporter-output>
        </test-method> <!-- startUp -->
        <test-method signature="loginWithNoCredentials()[pri:4, instance:com.selenium.tests.LoginTest@a514af7]" started-at="2023-11-29T10:43:38 IST" name="loginWithNoCredentials" finished-at="2023-11-29T10:43:38 IST" duration-ms="610" status="PASS">
          <reporter-output>
          </reporter-output>
        </test-method> <!-- loginWithNoCredentials -->
        <test-method is-config="true" signature="quitBrowser()[pri:0, instance:com.selenium.tests.LoginTest@a514af7]" started-at="2023-11-29T10:43:38 IST" name="quitBrowser" finished-at="2023-11-29T10:43:39 IST" duration-ms="227" status="PASS">
          <reporter-output>
          </reporter-output>
        </test-method> <!-- quitBrowser -->
      </class> <!-- com.selenium.tests.LoginTest -->
      <class name="com.selenium.tests.RegisterTest">
        <test-method is-config="true" signature="startUp()[pri:0, instance:com.selenium.tests.RegisterTest@3835c46]" started-at="2023-11-29T10:42:34 IST" name="startUp" finished-at="2023-11-29T10:42:41 IST" duration-ms="6995" status="PASS">
          <reporter-output>
          </reporter-output>
        </test-method> <!-- startUp -->
        <test-method signature="registerAccountWithValidFields()[pri:1, instance:com.selenium.tests.RegisterTest@3835c46]" started-at="2023-11-29T10:42:41 IST" name="registerAccountWithValidFields" finished-at="2023-11-29T10:42:44 IST" duration-ms="2206" status="PASS">
          <reporter-output>
          </reporter-output>
        </test-method> <!-- registerAccountWithValidFields -->
        <test-method is-config="true" signature="quitBrowser()[pri:0, instance:com.selenium.tests.RegisterTest@3835c46]" started-at="2023-11-29T10:42:44 IST" name="quitBrowser" finished-at="2023-11-29T10:42:44 IST" duration-ms="303" status="PASS">
          <reporter-output>
          </reporter-output>
        </test-method> <!-- quitBrowser -->
        <test-method is-config="true" signature="startUp()[pri:0, instance:com.selenium.tests.RegisterTest@3835c46]" started-at="2023-11-29T10:42:44 IST" name="startUp" finished-at="2023-11-29T10:42:49 IST" duration-ms="5085" status="PASS">
          <reporter-output>
          </reporter-output>
        </test-method> <!-- startUp -->
        <test-method signature="registerAccountWithValidFieldsAndSubscribeAsYes()[pri:2, instance:com.selenium.tests.RegisterTest@3835c46]" started-at="2023-11-29T10:42:49 IST" name="registerAccountWithValidFieldsAndSubscribeAsYes" finished-at="2023-11-29T10:42:51 IST" duration-ms="1950" status="PASS">
          <reporter-output>
          </reporter-output>
        </test-method> <!-- registerAccountWithValidFieldsAndSubscribeAsYes -->
        <test-method is-config="true" signature="quitBrowser()[pri:0, instance:com.selenium.tests.RegisterTest@3835c46]" started-at="2023-11-29T10:42:51 IST" name="quitBrowser" finished-at="2023-11-29T10:42:51 IST" duration-ms="299" status="PASS">
          <reporter-output>
          </reporter-output>
        </test-method> <!-- quitBrowser -->
        <test-method is-config="true" signature="startUp()[pri:0, instance:com.selenium.tests.RegisterTest@3835c46]" started-at="2023-11-29T10:42:51 IST" name="startUp" finished-at="2023-11-29T10:42:56 IST" duration-ms="5036" status="PASS">
          <reporter-output>
          </reporter-output>
        </test-method> <!-- startUp -->
        <test-method signature="registerAccountWithoutAgreeingToPrivacyPolicy()[pri:3, instance:com.selenium.tests.RegisterTest@3835c46]" started-at="2023-11-29T10:42:56 IST" name="registerAccountWithoutAgreeingToPrivacyPolicy" finished-at="2023-11-29T10:42:58 IST" duration-ms="1636" status="PASS">
          <reporter-output>
          </reporter-output>
        </test-method> <!-- registerAccountWithoutAgreeingToPrivacyPolicy -->
        <test-method is-config="true" signature="quitBrowser()[pri:0, instance:com.selenium.tests.RegisterTest@3835c46]" started-at="2023-11-29T10:42:58 IST" name="quitBrowser" finished-at="2023-11-29T10:42:58 IST" duration-ms="288" status="PASS">
          <reporter-output>
          </reporter-output>
        </test-method> <!-- quitBrowser -->
        <test-method is-config="true" signature="startUp()[pri:0, instance:com.selenium.tests.RegisterTest@3835c46]" started-at="2023-11-29T10:42:58 IST" name="startUp" finished-at="2023-11-29T10:43:03 IST" duration-ms="5363" status="PASS">
          <reporter-output>
          </reporter-output>
        </test-method> <!-- startUp -->
        <test-method signature="registerAccountWithoutEnteringAnyFields()[pri:4, instance:com.selenium.tests.RegisterTest@3835c46]" started-at="2023-11-29T10:43:03 IST" name="registerAccountWithoutEnteringAnyFields" finished-at="2023-11-29T10:43:05 IST" duration-ms="1084" status="PASS">
          <reporter-output>
          </reporter-output>
        </test-method> <!-- registerAccountWithoutEnteringAnyFields -->
        <test-method is-config="true" signature="quitBrowser()[pri:0, instance:com.selenium.tests.RegisterTest@3835c46]" started-at="2023-11-29T10:43:05 IST" name="quitBrowser" finished-at="2023-11-29T10:43:05 IST" duration-ms="354" status="PASS">
          <reporter-output>
          </reporter-output>
        </test-method> <!-- quitBrowser -->
      </class> <!-- com.selenium.tests.RegisterTest -->
      <class name="com.selenium.tests.SearchTest">
        <test-method is-config="true" signature="startUp()[pri:0, instance:com.selenium.tests.SearchTest@4fb61f4a]" started-at="2023-11-29T10:43:39 IST" name="startUp" finished-at="2023-11-29T10:43:43 IST" duration-ms="4108" status="PASS">
          <reporter-output>
          </reporter-output>
        </test-method> <!-- startUp -->
        <test-method signature="verifySearchWithValidProduct()[pri:1, instance:com.selenium.tests.SearchTest@4fb61f4a]" started-at="2023-11-29T10:43:43 IST" name="verifySearchWithValidProduct" finished-at="2023-11-29T10:43:43 IST" duration-ms="850" status="PASS">
          <reporter-output>
          </reporter-output>
        </test-method> <!-- verifySearchWithValidProduct -->
        <test-method is-config="true" signature="quitBrowser()[pri:0, instance:com.selenium.tests.SearchTest@4fb61f4a]" started-at="2023-11-29T10:43:43 IST" name="quitBrowser" finished-at="2023-11-29T10:43:44 IST" duration-ms="199" status="PASS">
          <reporter-output>
          </reporter-output>
        </test-method> <!-- quitBrowser -->
        <test-method is-config="true" signature="startUp()[pri:0, instance:com.selenium.tests.SearchTest@4fb61f4a]" started-at="2023-11-29T10:43:44 IST" name="startUp" finished-at="2023-11-29T10:43:47 IST" duration-ms="3658" status="PASS">
          <reporter-output>
          </reporter-output>
        </test-method> <!-- startUp -->
        <test-method signature="verifySearchWithInvalidProduct()[pri:2, instance:com.selenium.tests.SearchTest@4fb61f4a]" started-at="2023-11-29T10:43:47 IST" name="verifySearchWithInvalidProduct" finished-at="2023-11-29T10:43:48 IST" duration-ms="733" status="FAIL">
          <exception class="java.lang.AssertionError">
            <message>
              <![CDATA['No product that matches the search criteria' message is not displayed expected [true] but found [false]]]>
            </message>
            <full-stacktrace>
              <![CDATA[java.lang.AssertionError: 'No product that matches the search criteria' message is not displayed expected [true] but found [false]
at org.testng.Assert.fail(Assert.java:111)
at org.testng.Assert.failNotEquals(Assert.java:1578)
at org.testng.Assert.assertTrue(Assert.java:57)
at com.selenium.pages.SearchPage.verifyNoProductDeatilMessage(SearchPage.java:29)
at com.selenium.tests.SearchTest.verifySearchWithInvalidProduct(SearchTest.java:43)
at java.base/jdk.internal.reflect.DirectMethodHandleAccessor.invoke(DirectMethodHandleAccessor.java:103)
at java.base/java.lang.reflect.Method.invoke(Method.java:580)
at org.testng.internal.invokers.MethodInvocationHelper.invokeMethod(MethodInvocationHelper.java:139)
at org.testng.internal.invokers.TestInvoker.invokeMethod(TestInvoker.java:664)
at org.testng.internal.invokers.TestInvoker.invokeTestMethod(TestInvoker.java:227)
at org.testng.internal.invokers.MethodRunner.runInSequence(MethodRunner.java:50)
at org.testng.internal.invokers.TestInvoker$MethodInvocationAgent.invoke(TestInvoker.java:957)
at org.testng.internal.invokers.TestInvoker.invokeTestMethods(TestInvoker.java:200)
at org.testng.internal.invokers.TestMethodWorker.invokeTestMethods(TestMethodWorker.java:148)
at org.testng.internal.invokers.TestMethodWorker.run(TestMethodWorker.java:128)
at java.base/java.util.ArrayList.forEach(ArrayList.java:1596)
at org.testng.TestRunner.privateRun(TestRunner.java:848)
at org.testng.TestRunner.run(TestRunner.java:621)
at org.testng.SuiteRunner.runTest(SuiteRunner.java:443)
at org.testng.SuiteRunner.runSequentially(SuiteRunner.java:437)
at org.testng.SuiteRunner.privateRun(SuiteRunner.java:397)
at org.testng.SuiteRunner.run(SuiteRunner.java:336)
at org.testng.SuiteRunnerWorker.runSuite(SuiteRunnerWorker.java:52)
at org.testng.SuiteRunnerWorker.run(SuiteRunnerWorker.java:95)
at org.testng.TestNG.runSuitesSequentially(TestNG.java:1280)
at org.testng.TestNG.runSuitesLocally(TestNG.java:1200)
at org.testng.TestNG.runSuites(TestNG.java:1114)
at org.testng.TestNG.run(TestNG.java:1082)
at org.apache.maven.surefire.testng.TestNGExecutor.run(TestNGExecutor.java:308)
at org.apache.maven.surefire.testng.TestNGXmlTestSuite.execute(TestNGXmlTestSuite.java:71)
at org.apache.maven.surefire.testng.TestNGProvider.invoke(TestNGProvider.java:113)
at org.apache.maven.surefire.booter.ForkedBooter.runSuitesInProcess(ForkedBooter.java:385)
at org.apache.maven.surefire.booter.ForkedBooter.execute(ForkedBooter.java:162)
at org.apache.maven.surefire.booter.ForkedBooter.run(ForkedBooter.java:507)
at org.apache.maven.surefire.booter.ForkedBooter.main(ForkedBooter.java:495)
]]>
            </full-stacktrace>
          </exception> <!-- java.lang.AssertionError -->
          <reporter-output>
          </reporter-output>
        </test-method> <!-- verifySearchWithInvalidProduct -->
        <test-method is-config="true" signature="quitBrowser()[pri:0, instance:com.selenium.tests.SearchTest@4fb61f4a]" started-at="2023-11-29T10:43:48 IST" name="quitBrowser" finished-at="2023-11-29T10:43:49 IST" duration-ms="223" status="PASS">
          <reporter-output>
          </reporter-output>
        </test-method> <!-- quitBrowser -->
        <test-method signature="verifySearchWithoutAnyProduct()[pri:3, instance:com.selenium.tests.SearchTest@4fb61f4a]" started-at="2023-11-29T10:43:49 IST" name="verifySearchWithoutAnyProduct" finished-at="2023-11-29T10:43:49 IST" depends-on-methods="com.selenium.tests.SearchTest.verifySearchWithInvalidProduct" duration-ms="0" status="SKIP">
          <exception class="java.lang.Throwable">
            <message>
              <![CDATA[Method com.selenium.tests.SearchTest.verifySearchWithoutAnyProduct() on instance com.selenium.tests.SearchTest@4fb61f4a depends on not successfully finished methods 
[com.selenium.tests.SearchTest.verifySearchWithInvalidProduct() on instance com.selenium.tests.SearchTest@4fb61f4a]]]>
            </message>
            <full-stacktrace>
              <![CDATA[java.lang.Throwable: Method com.selenium.tests.SearchTest.verifySearchWithoutAnyProduct() on instance com.selenium.tests.SearchTest@4fb61f4a depends on not successfully finished methods 
[com.selenium.tests.SearchTest.verifySearchWithInvalidProduct() on instance com.selenium.tests.SearchTest@4fb61f4a]
at org.testng.internal.invokers.TestInvoker.invokeTestMethods(TestInvoker.java:156)
at org.testng.internal.invokers.TestMethodWorker.invokeTestMethods(TestMethodWorker.java:148)
at org.testng.internal.invokers.TestMethodWorker.run(TestMethodWorker.java:128)
at java.base/java.util.ArrayList.forEach(ArrayList.java:1596)
at org.testng.TestRunner.privateRun(TestRunner.java:848)
at org.testng.TestRunner.run(TestRunner.java:621)
at org.testng.SuiteRunner.runTest(SuiteRunner.java:443)
at org.testng.SuiteRunner.runSequentially(SuiteRunner.java:437)
at org.testng.SuiteRunner.privateRun(SuiteRunner.java:397)
at org.testng.SuiteRunner.run(SuiteRunner.java:336)
at org.testng.SuiteRunnerWorker.runSuite(SuiteRunnerWorker.java:52)
at org.testng.SuiteRunnerWorker.run(SuiteRunnerWorker.java:95)
at org.testng.TestNG.runSuitesSequentially(TestNG.java:1280)
at org.testng.TestNG.runSuitesLocally(TestNG.java:1200)
at org.testng.TestNG.runSuites(TestNG.java:1114)
at org.testng.TestNG.run(TestNG.java:1082)
at org.apache.maven.surefire.testng.TestNGExecutor.run(TestNGExecutor.java:308)
at org.apache.maven.surefire.testng.TestNGXmlTestSuite.execute(TestNGXmlTestSuite.java:71)
at org.apache.maven.surefire.testng.TestNGProvider.invoke(TestNGProvider.java:113)
at org.apache.maven.surefire.booter.ForkedBooter.runSuitesInProcess(ForkedBooter.java:385)
at org.apache.maven.surefire.booter.ForkedBooter.execute(ForkedBooter.java:162)
at org.apache.maven.surefire.booter.ForkedBooter.run(ForkedBooter.java:507)
at org.apache.maven.surefire.booter.ForkedBooter.main(ForkedBooter.java:495)
]]>
            </full-stacktrace>
          </exception> <!-- java.lang.Throwable -->
          <reporter-output>
          </reporter-output>
        </test-method> <!-- verifySearchWithoutAnyProduct -->
      </class> <!-- com.selenium.tests.SearchTest -->
    </test> <!-- Test -->
  </suite> <!-- Suite -->
</testng-results>
