<!DOCTYPE html PUBLIC "-//W3C//DTD XHTML 1.1//EN" "https://www.w3.org/TR/xhtml11/DTD/xhtml11.dtd">
<html xmlns="https://www.w3.org/1999/xhtml">
<head>
<meta http-equiv="content-type" content="text/html; charset=UTF-8"/>
<title>TestNG Report</title>
<style type="text/css">table {margin-bottom:10px;border-collapse:collapse;empty-cells:show}th,td {border:1px solid #009;padding:.25em .5em}th {vertical-align:bottom}td {vertical-align:top}table a {font-weight:bold}.stripe td {background-color: #E6EBF9}.num {text-align:right}.passedodd td {background-color: #3F3}.passedeven td {background-color: #0A0}.skippedodd td {background-color: #DDD}.skippedeven td {background-color: #CCC}.failedodd td,.attn {background-color: #F33}.failedeven td,.stripe .attn {background-color: #D00}.stacktrace {white-space:pre;font-family:monospace}.totop {font-size:85%;text-align:center;border-bottom:2px solid #000}.invisible {display:none}</style>
</head>
<body>
<table>
<tr><th>Test</th><th># Passed</th><th># Skipped</th><th># Retried</th><th># Failed</th><th>Time (ms)</th><th>Included Groups</th><th>Excluded Groups</th></tr>
<tr><th colspan="8">Suite</th></tr>
<tr><td><a href="#t0">Test</a></td><td class="num">7</td><td class="num attn">2</td><td class="num">0</td><td class="num attn">1</td><td class="num">59,103</td><td></td><td></td></tr>
</table>
<table id='summary'><thead><tr><th>Class</th><th>Method</th><th>Start</th><th>Time (ms)</th></tr></thead><tbody><tr><th colspan="4">Suite</th></tr></tbody><tbody id="t0"><tr><th colspan="4">Test &#8212; failed</th></tr><tr class="failedeven"><td rowspan="1">com.selenium.tests.SearchTest</td><td><a href="#m0">verifySearchWithInvalidProduct</a></td><td rowspan="1">1701232835183</td><td rowspan="1">772</td></tr><tr><th colspan="4">Test &#8212; skipped</th></tr><tr class="skippedeven"><td rowspan="1">com.selenium.tests.LoginTest</td><td><a href="#m1">loginWithValidCredentials</a></td><td rowspan="1">1701232813621</td><td rowspan="1">0</td></tr><tr class="skippedodd"><td rowspan="1">com.selenium.tests.SearchTest</td><td><a href="#m2">verifySearchWithoutAnyProduct</a></td><td rowspan="1">1701232836616</td><td rowspan="1">0</td></tr><tr><th colspan="4">Test &#8212; passed</th></tr><tr class="passedeven"><td rowspan="2">com.selenium.tests.LoginTest</td><td><a href="#m3">loginWithNoCredentials</a></td><td rowspan="1">1701232824497</td><td rowspan="1">740</td></tr><tr class="passedeven"><td><a href="#m4">loginWithValidUsernameAndWrongPassword</a></td><td rowspan="1">1701232818242</td><td rowspan="1">904</td></tr><tr class="passedodd"><td rowspan="4">com.selenium.tests.RegisterTest</td><td><a href="#m5">registerAccountWithValidFields</a></td><td rowspan="1">1701232788604</td><td rowspan="1">2085</td></tr><tr class="passedodd"><td><a href="#m6">registerAccountWithValidFieldsAndSubscribeAsYes</a></td><td rowspan="1">1701232797310</td><td rowspan="1">2519</td></tr><tr class="passedodd"><td><a href="#m7">registerAccountWithoutAgreeingToPrivacyPolicy</a></td><td rowspan="1">1701232804893</td><td rowspan="1">1463</td></tr><tr class="passedodd"><td><a href="#m8">registerAccountWithoutEnteringAnyFields</a></td><td rowspan="1">1701232812004</td><td rowspan="1">1083</td></tr><tr class="passedeven"><td rowspan="1">com.selenium.tests.SearchTest</td><td><a href="#m9">verifySearchWithValidProduct</a></td><td rowspan="1">1701232829907</td><td rowspan="1">989</td></tr></tbody>
</table>
<h2>Test</h2><h3 id="m0">com.selenium.tests.SearchTest#verifySearchWithInvalidProduct</h3><table class="result"><tr><th>Exception</th></tr><tr><td><div class="stacktrace">java.lang.AssertionError: &apos;No product that matches the search criteria&apos; message is not displayed expected [true] but found [false]
	at com.selenium.pages.SearchPage.verifyNoProductDeatilMessage(SearchPage.java:29)
	at com.selenium.tests.SearchTest.verifySearchWithInvalidProduct(SearchTest.java:43)
	at java.base/java.util.ArrayList.forEach(ArrayList.java:1596)
... Removed 28 stack frames</div></td></tr></table><p class="totop"><a href="#summary">back to summary</a></p>
<h3 id="m1">com.selenium.tests.LoginTest#loginWithValidCredentials</h3><table class="result"><tr><th>Exception</th></tr><tr><td><div class="stacktrace">java.lang.RuntimeException: java.lang.NullPointerException: Cannot invoke &quot;org.apache.poi.xssf.usermodel.XSSFWorkbook.getSheet(String)&quot; because &quot;wb&quot; is null
	at java.base/java.util.ArrayList.forEach(ArrayList.java:1596)
Caused by: java.lang.NullPointerException: Cannot invoke &quot;org.apache.poi.xssf.usermodel.XSSFWorkbook.getSheet(String)&quot; because &quot;wb&quot; is null
	at com.selenium.utils.Utilities.readDataFromExcel(Utilities.java:72)
	at com.selenium.tests.LoginTest.supplyData(LoginTest.java:35)
	... 25 more
... Removed 30 stack frames</div></td></tr></table><p class="totop"><a href="#summary">back to summary</a></p>
<h3 id="m2">com.selenium.tests.SearchTest#verifySearchWithoutAnyProduct</h3><table class="result"><tr><th>Exception</th></tr><tr><td><div class="stacktrace">java.lang.Throwable: Method SearchTest.verifySearchWithoutAnyProduct()[pri:3, instance:com.selenium.tests.SearchTest@5158b42f] depends on not successfully finished methods
	at java.base/java.util.ArrayList.forEach(ArrayList.java:1596)
... Removed 18 stack frames</div></td></tr></table><p class="totop"><a href="#summary">back to summary</a></p>
<h3 id="m3">com.selenium.tests.LoginTest#loginWithNoCredentials</h3><table class="result"><tr><th class="invisible"/></tr></table><p class="totop"><a href="#summary">back to summary</a></p>
<h3 id="m4">com.selenium.tests.LoginTest#loginWithValidUsernameAndWrongPassword</h3><table class="result"><tr><th class="invisible"/></tr></table><p class="totop"><a href="#summary">back to summary</a></p>
<h3 id="m5">com.selenium.tests.RegisterTest#registerAccountWithValidFields</h3><table class="result"><tr><th class="invisible"/></tr></table><p class="totop"><a href="#summary">back to summary</a></p>
<h3 id="m6">com.selenium.tests.RegisterTest#registerAccountWithValidFieldsAndSubscribeAsYes</h3><table class="result"><tr><th class="invisible"/></tr></table><p class="totop"><a href="#summary">back to summary</a></p>
<h3 id="m7">com.selenium.tests.RegisterTest#registerAccountWithoutAgreeingToPrivacyPolicy</h3><table class="result"><tr><th class="invisible"/></tr></table><p class="totop"><a href="#summary">back to summary</a></p>
<h3 id="m8">com.selenium.tests.RegisterTest#registerAccountWithoutEnteringAnyFields</h3><table class="result"><tr><th class="invisible"/></tr></table><p class="totop"><a href="#summary">back to summary</a></p>
<h3 id="m9">com.selenium.tests.SearchTest#verifySearchWithValidProduct</h3><table class="result"><tr><th class="invisible"/></tr></table><p class="totop"><a href="#summary">back to summary</a></p>
</body>
</html>
